<?xml version="1.0" encoding="UTF-8"?>
<testsuite xmlns:xsi="http://www.w3.org/2001/XMLSchema-instance" xsi:noNamespaceSchemaLocation="https://maven.apache.org/surefire/maven-surefire-plugin/xsd/surefire-test-report.xsd" name="TestSuite" time="23.173" tests="7" errors="0" skipped="6" failures="1">
  <properties>
[...]
</properties>
  <testcase name="LoanTapHomePage" classname="LoanTapApplication.Personal_loanCreation" time="10.119">
    <failure message="no such element: Unable to locate element: {&quot;method&quot;:&quot;xpath&quot;,&quot;selector&quot;:&quot;//li[contains(@id, &apos;menu-item&apos;)]/a[@title=&apos;Personal Loans&apos;]&quot;}&#10;  (Session info: chrome=100.0.4896.75)&#10;For documentation on this error, please visit: http://seleniumhq.org/exceptions/no_such_element.html&#10;Build info: version: &apos;3.4.0&apos;, revision: &apos;unknown&apos;, time: &apos;unknown&apos;&#10;System info: host: &apos;DESKTOP-6I6TTTC&apos;, ip: &apos;192.168.1.9&apos;, os.name: &apos;Windows 10&apos;, os.arch: &apos;amd64&apos;, os.version: &apos;10.0&apos;, java.version: &apos;1.8.0_231&apos;&#10;Driver info: org.openqa.selenium.chrome.ChromeDriver&#10;Capabilities [{networkConnectionEnabled=false, chrome={chromedriverVersion=99.0.4844.51 (d537ec02474b5afe23684e7963d538896c63ac77-refs/branch-heads/4844@{#875}), userDataDir=C:\Users\SARAVA~1\AppData\Local\Temp\scoped_dir14580_1462096230}, timeouts={implicit=0.0, pageLoad=300000.0, script=30000.0}, pageLoadStrategy=normal, unhandledPromptBehavior=dismiss and notify, strictFileInteractability=false, platform=ANY, proxy=Proxy(), goog:chromeOptions={debuggerAddress=localhost:64459}, webauthn:extension:credBlob=true, acceptInsecureCerts=false, browserVersion=100.0.4896.75, browserName=chrome, javascriptEnabled=true, platformName=windows, setWindowRect=true, webauthn:extension:largeBlob=true, webauthn:virtualAuthenticators=true}]&#10;Session ID: 4cf77b6eb81fc09c3b74044d61675ce9&#10;*** Element info: {Using=xpath, value=//li[contains(@id, &apos;menu-item&apos;)]/a[@title=&apos;Personal Loans&apos;]}" type="org.openqa.selenium.NoSuchElementException">org.openqa.selenium.NoSuchElementException: 
no such element: Unable to locate element: {"method":"xpath","selector":"//li[contains(@id, 'menu-item')]/a[@title='Personal Loans']"}
  (Session info: chrome=100.0.4896.75)
For documentation on this error, please visit: http://seleniumhq.org/exceptions/no_such_element.html
Build info: version: '3.4.0', revision: 'unknown', time: 'unknown'
System info: host: 'DESKTOP-6I6TTTC', ip: '192.168.1.9', os.name: 'Windows 10', os.arch: 'amd64', os.version: '10.0', java.version: '1.8.0_231'
Driver info: org.openqa.selenium.chrome.ChromeDriver
Capabilities [{networkConnectionEnabled=false, chrome={chromedriverVersion=99.0.4844.51 (d537ec02474b5afe23684e7963d538896c63ac77-refs/branch-heads/4844@{#875}), userDataDir=C:\Users\SARAVA~1\AppData\Local\Temp\scoped_dir14580_1462096230}, timeouts={implicit=0.0, pageLoad=300000.0, script=30000.0}, pageLoadStrategy=normal, unhandledPromptBehavior=dismiss and notify, strictFileInteractability=false, platform=ANY, proxy=Proxy(), goog:chromeOptions={debuggerAddress=localhost:64459}, webauthn:extension:credBlob=true, acceptInsecureCerts=false, browserVersion=100.0.4896.75, browserName=chrome, javascriptEnabled=true, platformName=windows, setWindowRect=true, webauthn:extension:largeBlob=true, webauthn:virtualAuthenticators=true}]
Session ID: 4cf77b6eb81fc09c3b74044d61675ce9
*** Element info: {Using=xpath, value=//li[contains(@id, 'menu-item')]/a[@title='Personal Loans']}
	at LoanTapApplication.Personal_loanCreation.LoanTapHomePage(Personal_loanCreation.java:73)
</failure>
    <system-out><![CDATA[2022/04/11 15:35:40.139 [main] INFO  Factory.Personal_loanCreationFactory - Number of records in excel workbook: 1
2022/04/11 15:35:40.145 [main] INFO  Factory.Personal_loanCreationFactory - Number of records in the datasheet with Execute(Y/N) = 'Yes': 1
2022/04/11 15:35:40.215 [main] INFO  LoanTapApplication.Personal_loanCreation - Browser Launch
2022/04/11 15:35:40.215 [main] INFO  driver.Base - Property file src/main/java/driver/AutomationParameters.properties read
]]></system-out>
    <system-err><![CDATA[Starting ChromeDriver 99.0.4844.51 (d537ec02474b5afe23684e7963d538896c63ac77-refs/branch-heads/4844@{#875}) on port 31049
Only local connections are allowed.
Please see https://chromedriver.chromium.org/security-considerations for suggestions on keeping ChromeDriver safe.
ChromeDriver was started successfully.
[1649671543.400][WARNING]: This version of ChromeDriver has not been tested with Chrome version 100.
Apr 11, 2022 3:35:43 PM org.openqa.selenium.remote.ProtocolHandshake createSession
INFO: Detected dialect: W3C
]]></system-err>
  </testcase>
  <testcase name="pLoanmenu" classname="LoanTapApplication.Personal_loanCreation" time="0">
    <skipped/>
  </testcase>
  <testcase name="selectPersonalLoan" classname="LoanTapApplication.Personal_loanCreation" time="0">
    <skipped/>
  </testcase>
  <testcase name="getAmount" classname="LoanTapApplication.Personal_loanCreation" time="0">
    <skipped/>
  </testcase>
  <testcase name="applyNow" classname="LoanTapApplication.Personal_loanCreation" time="0">
    <skipped/>
  </testcase>
  <testcase name="textverify1" classname="LoanTapApplication.Personal_loanCreation" time="0">
    <skipped/>
  </testcase>
  <testcase name="textverify" classname="LoanTapApplication.Personal_loanCreation" time="0">
    <skipped/>
  </testcase>
</testsuite>