<?xml version="1.0" encoding="UTF-8"?>
<testng-results skipped="6" failed="1" total="7" passed="0">
  <reporter-output>
  </reporter-output>
  <suite name="Suite" duration-ms="19739" started-at="2022-04-11T10:05:40Z" finished-at="2022-04-11T10:05:59Z">
    <groups>
    </groups>
    <test name="Personal_loanCreation" duration-ms="19739" started-at="2022-04-11T10:05:40Z" finished-at="2022-04-11T10:05:59Z">
      <class name="LoanTapApplication.Personal_loanCreation">
        <test-method status="PASS" signature="claimsLaunch()[pri:0, instance:LoanTapApplication.Personal_loanCreation@6bf08014]" name="claimsLaunch" is-config="true" duration-ms="8411" started-at="2022-04-11T15:35:40Z" description="Launching the Chrome Browser" finished-at="2022-04-11T15:35:48Z">
          <reporter-output>
          </reporter-output>
        </test-method> <!-- claimsLaunch -->
        <test-method status="FAIL" signature="LoanTapHomePage()[pri:0, instance:LoanTapApplication.Personal_loanCreation@6bf08014]" name="LoanTapHomePage" duration-ms="10095" started-at="2022-04-11T15:35:48Z" description="Clicking on 2017 Link from Homepage" finished-at="2022-04-11T15:35:58Z">
          <exception class="org.openqa.selenium.NoSuchElementException">
            <message>
              <![CDATA[no such element: Unable to locate element: {"method":"xpath","selector":"//li[contains(@id, 'menu-item')]/a[@title='Personal Loans']"}
  (Session info: chrome=100.0.4896.75)
For documentation on this error, please visit: http://seleniumhq.org/exceptions/no_such_element.html
Build info: version: '3.4.0', revision: 'unknown', time: 'unknown'
System info: host: 'DESKTOP-6I6TTTC', ip: '192.168.1.9', os.name: 'Windows 10', os.arch: 'amd64', os.version: '10.0', java.version: '1.8.0_231'
Driver info: org.openqa.selenium.chrome.ChromeDriver
Capabilities [{networkConnectionEnabled=false, chrome={chromedriverVersion=99.0.4844.51 (d537ec02474b5afe23684e7963d538896c63ac77-refs/branch-heads/4844@{#875}), userDataDir=C:\Users\SARAVA~1\AppData\Local\Temp\scoped_dir14580_1462096230}, timeouts={implicit=0.0, pageLoad=300000.0, script=30000.0}, pageLoadStrategy=normal, unhandledPromptBehavior=dismiss and notify, strictFileInteractability=false, platform=ANY, proxy=Proxy(), goog:chromeOptions={debuggerAddress=localhost:64459}, webauthn:extension:credBlob=true, acceptInsecureCerts=false, browserVersion=100.0.4896.75, browserName=chrome, javascriptEnabled=true, platformName=windows, setWindowRect=true, webauthn:extension:largeBlob=true, webauthn:virtualAuthenticators=true}]
Session ID: 4cf77b6eb81fc09c3b74044d61675ce9
*** Element info: {Using=xpath, value=//li[contains(@id, 'menu-item')]/a[@title='Personal Loans']}]]>
            </message>
            <full-stacktrace>
              <![CDATA[org.openqa.selenium.NoSuchElementException: no such element: Unable to locate element: {"method":"xpath","selector":"//li[contains(@id, 'menu-item')]/a[@title='Personal Loans']"}
  (Session info: chrome=100.0.4896.75)
For documentation on this error, please visit: http://seleniumhq.org/exceptions/no_such_element.html
Build info: version: '3.4.0', revision: 'unknown', time: 'unknown'
System info: host: 'DESKTOP-6I6TTTC', ip: '192.168.1.9', os.name: 'Windows 10', os.arch: 'amd64', os.version: '10.0', java.version: '1.8.0_231'
Driver info: org.openqa.selenium.chrome.ChromeDriver
Capabilities [{networkConnectionEnabled=false, chrome={chromedriverVersion=99.0.4844.51 (d537ec02474b5afe23684e7963d538896c63ac77-refs/branch-heads/4844@{#875}), userDataDir=C:\Users\SARAVA~1\AppData\Local\Temp\scoped_dir14580_1462096230}, timeouts={implicit=0.0, pageLoad=300000.0, script=30000.0}, pageLoadStrategy=normal, unhandledPromptBehavior=dismiss and notify, strictFileInteractability=false, platform=ANY, proxy=Proxy(), goog:chromeOptions={debuggerAddress=localhost:64459}, webauthn:extension:credBlob=true, acceptInsecureCerts=false, browserVersion=100.0.4896.75, browserName=chrome, javascriptEnabled=true, platformName=windows, setWindowRect=true, webauthn:extension:largeBlob=true, webauthn:virtualAuthenticators=true}]
Session ID: 4cf77b6eb81fc09c3b74044d61675ce9
*** Element info: {Using=xpath, value=//li[contains(@id, 'menu-item')]/a[@title='Personal Loans']}
	at sun.reflect.NativeConstructorAccessorImpl.newInstance0(Native Method)
	at sun.reflect.NativeConstructorAccessorImpl.newInstance(NativeConstructorAccessorImpl.java:62)
	at sun.reflect.DelegatingConstructorAccessorImpl.newInstance(DelegatingConstructorAccessorImpl.java:45)
	at java.lang.reflect.Constructor.newInstance(Constructor.java:423)
	at org.openqa.selenium.remote.http.W3CHttpResponseCodec.createException(W3CHttpResponseCodec.java:150)
	at org.openqa.selenium.remote.http.W3CHttpResponseCodec.decode(W3CHttpResponseCodec.java:115)
	at org.openqa.selenium.remote.http.W3CHttpResponseCodec.decode(W3CHttpResponseCodec.java:45)
	at org.openqa.selenium.remote.HttpCommandExecutor.execute(HttpCommandExecutor.java:164)
	at org.openqa.selenium.remote.service.DriverCommandExecutor.execute(DriverCommandExecutor.java:82)
	at org.openqa.selenium.remote.RemoteWebDriver.execute(RemoteWebDriver.java:637)
	at org.openqa.selenium.remote.RemoteWebDriver.findElement(RemoteWebDriver.java:410)
	at org.openqa.selenium.remote.RemoteWebDriver.findElementByXPath(RemoteWebDriver.java:509)
	at org.openqa.selenium.By$ByXPath.findElement(By.java:361)
	at org.openqa.selenium.remote.RemoteWebDriver.findElement(RemoteWebDriver.java:402)
	at PageObjects.LoanTap.LoanTapHomePage.get_plMenu(LoanTapHomePage.java:76)
	at LoanTapApplication.Personal_loanCreation.LoanTapHomePage(Personal_loanCreation.java:73)
	at sun.reflect.NativeMethodAccessorImpl.invoke0(Native Method)
	at sun.reflect.NativeMethodAccessorImpl.invoke(NativeMethodAccessorImpl.java:62)
	at sun.reflect.DelegatingMethodAccessorImpl.invoke(DelegatingMethodAccessorImpl.java:43)
	at java.lang.reflect.Method.invoke(Method.java:498)
	at org.testng.internal.MethodInvocationHelper.invokeMethod(MethodInvocationHelper.java:80)
	at org.testng.internal.Invoker.invokeMethod(Invoker.java:714)
	at org.testng.internal.Invoker.invokeTestMethod(Invoker.java:901)
	at org.testng.internal.Invoker.invokeTestMethods(Invoker.java:1231)
	at org.testng.internal.TestMethodWorker.invokeTestMethods(TestMethodWorker.java:127)
	at org.testng.internal.TestMethodWorker.run(TestMethodWorker.java:111)
	at org.testng.TestRunner.privateRun(TestRunner.java:767)
	at org.testng.TestRunner.run(TestRunner.java:617)
	at org.testng.SuiteRunner.runTest(SuiteRunner.java:334)
	at org.testng.SuiteRunner.runSequentially(SuiteRunner.java:329)
	at org.testng.SuiteRunner.privateRun(SuiteRunner.java:291)
	at org.testng.SuiteRunner.run(SuiteRunner.java:240)
	at org.testng.SuiteRunnerWorker.runSuite(SuiteRunnerWorker.java:52)
	at org.testng.SuiteRunnerWorker.run(SuiteRunnerWorker.java:86)
	at org.testng.TestNG.runSuitesSequentially(TestNG.java:1198)
	at org.testng.TestNG.runSuitesLocally(TestNG.java:1123)
	at org.testng.TestNG.run(TestNG.java:1031)
	at org.apache.maven.surefire.testng.TestNGExecutor.run(TestNGExecutor.java:283)
	at org.apache.maven.surefire.testng.TestNGXmlTestSuite.execute(TestNGXmlTestSuite.java:75)
	at org.apache.maven.surefire.testng.TestNGProvider.invoke(TestNGProvider.java:120)
	at org.apache.maven.surefire.booter.ForkedBooter.invokeProviderInSameClassLoader(ForkedBooter.java:386)
	at org.apache.maven.surefire.booter.ForkedBooter.runSuitesInProcess(ForkedBooter.java:323)
	at org.apache.maven.surefire.booter.ForkedBooter.main(ForkedBooter.java:143)
]]>
            </full-stacktrace>
          </exception> <!-- org.openqa.selenium.NoSuchElementException -->
          <reporter-output>
          </reporter-output>
        </test-method> <!-- LoanTapHomePage -->
        <test-method status="SKIP" signature="pLoanmenu()[pri:0, instance:LoanTapApplication.Personal_loanCreation@6bf08014]" name="pLoanmenu" duration-ms="1" started-at="2022-04-11T15:35:59Z" description="Click Personal loan menu" depends-on-methods="LoanTapApplication.Personal_loanCreation.LoanTapHomePage" finished-at="2022-04-11T15:35:59Z">
          <reporter-output>
          </reporter-output>
        </test-method> <!-- pLoanmenu -->
        <test-method status="SKIP" signature="selectPersonalLoan()[pri:0, instance:LoanTapApplication.Personal_loanCreation@6bf08014]" name="selectPersonalLoan" duration-ms="0" started-at="2022-04-11T15:35:59Z" description="Select Personal loan Sub Menu" depends-on-methods="LoanTapApplication.Personal_loanCreation.pLoanmenu" finished-at="2022-04-11T15:35:59Z">
          <reporter-output>
          </reporter-output>
        </test-method> <!-- selectPersonalLoan -->
        <test-method status="SKIP" signature="getAmount()[pri:0, instance:LoanTapApplication.Personal_loanCreation@6bf08014]" name="getAmount" duration-ms="1" started-at="2022-04-11T15:35:59Z" description="Amount Verifed" depends-on-methods="LoanTapApplication.Personal_loanCreation.selectPersonalLoan" finished-at="2022-04-11T15:35:59Z">
          <reporter-output>
          </reporter-output>
        </test-method> <!-- getAmount -->
        <test-method status="SKIP" signature="applyNow()[pri:0, instance:LoanTapApplication.Personal_loanCreation@6bf08014]" name="applyNow" duration-ms="1" started-at="2022-04-11T15:35:59Z" description="Click Personal ApplyNow" depends-on-methods="LoanTapApplication.Personal_loanCreation.getAmount" finished-at="2022-04-11T15:35:59Z">
          <reporter-output>
          </reporter-output>
        </test-method> <!-- applyNow -->
        <test-method status="SKIP" signature="textverify1()[pri:0, instance:LoanTapApplication.Personal_loanCreation@6bf08014]" name="textverify1" duration-ms="0" started-at="2022-04-11T15:35:59Z" description="Text Validate1" depends-on-methods="LoanTapApplication.Personal_loanCreation.applyNow" finished-at="2022-04-11T15:35:59Z">
          <reporter-output>
          </reporter-output>
        </test-method> <!-- textverify1 -->
        <test-method status="SKIP" signature="textverify()[pri:0, instance:LoanTapApplication.Personal_loanCreation@6bf08014]" name="textverify" duration-ms="0" started-at="2022-04-11T15:35:59Z" description="Text Validate" depends-on-methods="LoanTapApplication.Personal_loanCreation.textverify1" finished-at="2022-04-11T15:35:59Z">
          <reporter-output>
          </reporter-output>
        </test-method> <!-- textverify -->
        <test-method status="PASS" signature="tearDown()[pri:0, instance:LoanTapApplication.Personal_loanCreation@6bf08014]" name="tearDown" is-config="true" duration-ms="415" started-at="2022-04-11T15:35:59Z" description="Closing the Browser" finished-at="2022-04-11T15:35:59Z">
          <reporter-output>
          </reporter-output>
        </test-method> <!-- tearDown -->
      </class> <!-- LoanTapApplication.Personal_loanCreation -->
    </test> <!-- Personal_loanCreation -->
  </suite> <!-- Suite -->
</testng-results>
